Removed Pin From Net: NetName=-12 Pin=1-4
Removed Pin From Net: NetName=GND Pin=1-5
Removed Pin From Net: NetName=+12 Pin=1-8
Removed Pin From Net: NetName=NetR11_1 Pin=U1-6
Removed Pin From Net: NetName=NetR11_2 Pin=U1-7
Removed Pin From Net: NetName=NetR2_2 Pin=U2-1
Removed Pin From Net: NetName=NetR2_1 Pin=U2-2
Removed Member From Class: ClassName=Sheet1 Member=1
Change Component Footprint: Designator=R7 Old Footprint=FP-PR02000201003JA100-MFG New Footprint=FP-PR02000201003JA100-MFG
Change Component Footprint: Designator=R8 Old Footprint=FP-PR02000201003JA100-MFG New Footprint=FP-PR02000201003JA100-MFG
Change Component Footprint: Designator=R9 Old Footprint=FP-PR02000201003JA100-MFG New Footprint=FP-PR02000201003JA100-MFG
Change Component Footprint: Designator=R12 Old Footprint=FP-PR02000201003JA100-MFG New Footprint=FP-PR02000201003JA100-MFG
Change Component Footprint: Designator=R13 Old Footprint=FP-PR02000201003JA100-MFG New Footprint=FP-PR02000201003JA100-MFG
Change Component Footprint: Designator=R14 Old Footprint=FP-PR02000201003JA100-MFG New Footprint=FP-PR02000201003JA100-MFG
Change Component Footprint: Designator=R16 Old Footprint=FP-PR02000201003JA100-MFG New Footprint=FP-PR02000201003JA100-MFG
Change Component Footprint: Designator=R21 Old Footprint=FP-PR02000201003JA100-MFG New Footprint=FP-PR02000201003JA100-MFG
Change Component Footprint: Designator=R23 Old Footprint=FP-PR02000201003JA100-MFG New Footprint=FP-PR02000201003JA100-MFG
Change Component Footprint: Designator=R24 Old Footprint=FP-PR02000201003JA100-MFG New Footprint=FP-PR02000201003JA100-MFG
Change Component Footprint: Designator=R25 Old Footprint=FP-PR02000201003JA100-MFG New Footprint=FP-PR02000201003JA100-MFG
Change Component Footprint: Designator=R26 Old Footprint=FP-PR02000201003JA100-MFG New Footprint=FP-PR02000201003JA100-MFG
Change Component Footprint: Designator=R27 Old Footprint=FP-PR02000201003JA100-MFG New Footprint=FP-PR02000201003JA100-MFG
Change Component Footprint: Designator=R28 Old Footprint=FP-PR02000201003JA100-MFG New Footprint=FP-PR02000201003JA100-MFG
Change Component Footprint: Designator=R29 Old Footprint=FP-PR02000201003JA100-MFG New Footprint=FP-PR02000201003JA100-MFG
Change Component Footprint: Designator=R1 Old Footprint=RES_AC03_VIS New Footprint=RES_AC03_VIS
Change Component Footprint: Designator=R2 Old Footprint=RES_AC03_VIS New Footprint=RES_AC03_VIS
Change Component Footprint: Designator=R3 Old Footprint=RES_AC03_VIS New Footprint=RES_AC03_VIS
Change Component Footprint: Designator=R4 Old Footprint=RES_AC03_VIS New Footprint=RES_AC03_VIS
Change Component Footprint: Designator=R5 Old Footprint=RES_AC03_VIS New Footprint=RES_AC03_VIS
Change Component Footprint: Designator=R6 Old Footprint=RES_AC03_VIS New Footprint=RES_AC03_VIS
Change Component Footprint: Designator=R10 Old Footprint=RES_AC03_VIS New Footprint=RES_AC03_VIS
Change Component Footprint: Designator=R11 Old Footprint=RES_AC03_VIS New Footprint=RES_AC03_VIS
Change Component Footprint: Designator=R15 Old Footprint=RES_AC03_VIS New Footprint=RES_AC03_VIS
Change Component Footprint: Designator=R17 Old Footprint=RES_AC03_VIS New Footprint=RES_AC03_VIS
Change Component Footprint: Designator=R18 Old Footprint=RES_AC03_VIS New Footprint=RES_AC03_VIS
Change Component Footprint: Designator=R19 Old Footprint=RES_AC03_VIS New Footprint=RES_AC03_VIS
Change Component Footprint: Designator=R20 Old Footprint=RES_AC03_VIS New Footprint=RES_AC03_VIS
Change Component Footprint: Designator=R22 Old Footprint=RES_AC03_VIS New Footprint=RES_AC03_VIS
Change Component Footprint: Designator=R30 Old Footprint=RES_AC03_VIS New Footprint=RES_AC03_VIS
Change Component Footprint: Designator=R31 Old Footprint=RES_AC03_VIS New Footprint=RES_AC03_VIS
Added Pin To Net: NetName=NetR2_1 Pin=U1-6
Added Pin To Net: NetName=NetR2_2 Pin=U1-7
Added Pin To Net: NetName=GND Pin=U2-5
Added Pin To Net: NetName=NetR11_1 Pin=U2-6
Added Pin To Net: NetName=NetR11_2 Pin=U2-7
Added Pin To Net: NetName=NetR10_1 Pin=R10-1
Added Pin To Net: NetName=NetR10_1 Pin=R18-2
Added Pin To Net: NetName=NetR10_1 Pin=U2-2
Added Net: Name=NetR10_1
Added Pin To Net: NetName=NetR10_2 Pin=R10-2
Added Pin To Net: NetName=NetR10_2 Pin=R19-1
Added Pin To Net: NetName=NetR10_2 Pin=U2-1
Added Net: Name=NetR10_2
